<?xml version="1.0" encoding="UTF-8"?>
<!-- Generated by org.testng.reporters.JUnitReportReporter -->
<testsuite hostname="Victors" failures="0" tests="2" name="testcases.FirstTest" time="36.799" errors="0" timestamp="2024-08-28T08:08:19 IST" skipped="0">
  <testcase classname="testcases.FirstTest" name="Logintest" time="19.721"/>
  <testcase classname="testcases.FirstTest" name="Logintest" time="17.078"/>
</testsuite> <!-- testcases.FirstTest -->
