<?xml version="1.0" encoding="UTF-8"?>
<!-- Generated by org.testng.reporters.JUnitReportReporter -->
<testsuite hostname="Victors" failures="0" tests="1" name="testcases.FirstTest" time="7.112" errors="0" timestamp="2024-08-21T08:08:06 IST" skipped="0">
  <testcase classname="testcases.FirstTest" name="Logintest" time="7.112"/>
</testsuite> <!-- testcases.FirstTest -->
